<?xml version="1.0" encoding="UTF-8"?>
<testsuites name="Client Side Test Cases 1-9" time="68" tests="8" failures="0" errors="0">
   <testsuite name="Client Side Test Cases 1-9" tests="8" failures="0" errors="0" time="68" timestamp="2019-04-27 03:29:27" hostname="Joseph - Joseph-PC" id="Test Suites/Client Side Test Cases 1-9">
      <properties>
         <property name="deviceName" value=""/>
         <property name="devicePlatform" value=""/>
         <property name="logFolder" value="C:\\Users\\Joseph\\git\\iCommons\\Reports\\Client Side Test Cases 1-9\\20190427_032925"/>
         <property name="logFiles" value="C:\\Users\\Joseph\\git\\iCommons\\Reports\\Client Side Test Cases 1-9\\20190427_032925\\execution0.log"/>
         <property name="attachments" value=""/>
         <property name="hostName" value="Joseph - Joseph-PC"/>
         <property name="os" value="Windows 7 64bit"/>
         <property name="katalonVersion" value="6.1.2.2"/>
         <property name="browser" value="Chrome 73.0.3683.103"/>
         <property name="hostAddress" value="192.168.1.65"/>
         <property name="sessionId" value="47fcf2eade90356acc7446a949d57e07"/>
         <property name="seleniumVersion" value="3.7.1"/>
         <property name="proxyInformation" value="ProxyInformation{proxyOption=NO_PROXY, proxyServerType=HTTP, password=, proxyServerAddress=, proxyServerPort=0}"/>
         <property name="platform" value="Windows 7"/>
      </properties>
      <testcase name="Test Cases/iCommons Site/Load Homepage" classname="Test Cases/iCommons Site/Load Homepage" status="PASSED">
         <system-out><![CDATA[2019-04-27 03:29:27 - [TEST_CASE][PASSED] - Test Cases/iCommons Site/Load Homepage: Test Cases/iCommons Site/Load Homepage

2019-04-27 03:29:27 - [TEST_STEP][PASSED] - openBrowser("http://rack113.cs.drexel.edu/"): Browser is opened with url: 'http://rack113.cs.drexel.edu/'

2019-04-27 03:29:27 - [MESSAGE][INFO] - Starting 'Chrome' driver

2019-04-27 03:29:27 - [MESSAGE][INFO] - Action delay is set to 0 seconds

2019-04-27 03:29:31 - [MESSAGE][PASSED] - Browser is opened with url: 'http://rack113.cs.drexel.edu/'

2019-04-27 03:29:31 - [TEST_STEP][PASSED] - waitForPageLoad(6): Wait for page load successfully

2019-04-27 03:29:32 - [MESSAGE][PASSED] - Wait for page load successfully

2019-04-27 03:29:32 - [TEST_STEP][PASSED] - delay(3): Delayed 3 second(s)

2019-04-27 03:29:35 - [MESSAGE][PASSED] - Delayed 3 second(s)]]></system-out>
         <system-err><![CDATA[]]></system-err>
      </testcase>
      <testcase name="Test Cases/iCommons Site/CCI Logo Redirect" classname="Test Cases/iCommons Site/CCI Logo Redirect" status="PASSED">
         <system-out><![CDATA[2019-04-27 03:29:35 - [TEST_CASE][PASSED] - Test Cases/iCommons Site/CCI Logo Redirect: Test Cases/iCommons Site/CCI Logo Redirect

2019-04-27 03:29:35 - [TEST_STEP][PASSED] - click(findTestObject("CCI Logo")): Object: 'Object Repository/CCI Logo' is clicked on

2019-04-27 03:29:36 - [MESSAGE][PASSED] - Object: 'Object Repository/CCI Logo' is clicked on

2019-04-27 03:29:36 - [TEST_STEP][PASSED] - waitForPageLoad(10): Wait for page load successfully

2019-04-27 03:29:36 - [MESSAGE][PASSED] - Wait for page load successfully

2019-04-27 03:29:36 - [TEST_STEP][PASSED] - delay(3): Delayed 3 second(s)

2019-04-27 03:29:39 - [MESSAGE][PASSED] - Delayed 3 second(s)

2019-04-27 03:29:39 - [TEST_STEP][PASSED] - back(): Navigate back successfully

2019-04-27 03:29:40 - [MESSAGE][PASSED] - Navigate back successfully

2019-04-27 03:29:40 - [TEST_STEP][PASSED] - waitForPageLoad(5): Wait for page load successfully

2019-04-27 03:29:40 - [MESSAGE][PASSED] - Wait for page load successfully

2019-04-27 03:29:40 - [TEST_STEP][PASSED] - delay(2): Delayed 2 second(s)

2019-04-27 03:29:42 - [MESSAGE][PASSED] - Delayed 2 second(s)]]></system-out>
         <system-err><![CDATA[]]></system-err>
      </testcase>
      <testcase name="Test Cases/iCommons Site/Reserve Room Link" classname="Test Cases/iCommons Site/Reserve Room Link" status="PASSED">
         <system-out><![CDATA[2019-04-27 03:29:42 - [TEST_CASE][PASSED] - Test Cases/iCommons Site/Reserve Room Link: Test Cases/iCommons Site/Reserve Room Link

2019-04-27 03:29:43 - [TEST_STEP][PASSED] - click(findTestObject("Resource Reservation option")): Object: 'Object Repository/Resource Reservation option' is clicked on

2019-04-27 03:29:43 - [MESSAGE][PASSED] - Object: 'Object Repository/Resource Reservation option' is clicked on

2019-04-27 03:29:43 - [TEST_STEP][PASSED] - delay(1): Delayed 1 second(s)

2019-04-27 03:29:44 - [MESSAGE][PASSED] - Delayed 1 second(s)

2019-04-27 03:29:44 - [TEST_STEP][PASSED] - click(findTestObject("Room Reservation link")): Object: 'Object Repository/Room Reservation link' is clicked on

2019-04-27 03:29:44 - [MESSAGE][PASSED] - Object: 'Object Repository/Room Reservation link' is clicked on

2019-04-27 03:29:44 - [TEST_STEP][PASSED] - delay(3): Delayed 3 second(s)

2019-04-27 03:29:47 - [MESSAGE][PASSED] - Delayed 3 second(s)]]></system-out>
         <system-err><![CDATA[]]></system-err>
      </testcase>
      <testcase name="Test Cases/iCommons Site/Reserve Equipment Link" classname="Test Cases/iCommons Site/Reserve Equipment Link" status="PASSED">
         <system-out><![CDATA[2019-04-27 03:29:47 - [TEST_CASE][PASSED] - Test Cases/iCommons Site/Reserve Equipment Link: Test Cases/iCommons Site/Reserve Equipment Link

2019-04-27 03:29:47 - [TEST_STEP][PASSED] - click(findTestObject("Resource Reservation option")): Object: 'Object Repository/Resource Reservation option' is clicked on

2019-04-27 03:29:47 - [MESSAGE][PASSED] - Object: 'Object Repository/Resource Reservation option' is clicked on

2019-04-27 03:29:47 - [TEST_STEP][PASSED] - delay(2): Delayed 2 second(s)

2019-04-27 03:29:49 - [MESSAGE][PASSED] - Delayed 2 second(s)

2019-04-27 03:29:49 - [TEST_STEP][PASSED] - click(findTestObject("Equipment Reservation link")): Object: 'Object Repository/Equipment Reservation link' is clicked on

2019-04-27 03:29:50 - [MESSAGE][PASSED] - Object: 'Object Repository/Equipment Reservation link' is clicked on

2019-04-27 03:29:50 - [TEST_STEP][PASSED] - waitForPageLoad(5): Wait for page load successfully

2019-04-27 03:29:50 - [MESSAGE][PASSED] - Wait for page load successfully

2019-04-27 03:29:50 - [TEST_STEP][PASSED] - delay(3): Delayed 3 second(s)

2019-04-27 03:29:53 - [MESSAGE][PASSED] - Delayed 3 second(s)]]></system-out>
         <system-err><![CDATA[]]></system-err>
      </testcase>
      <testcase name="Test Cases/iCommons Site/Home Link Redirect" classname="Test Cases/iCommons Site/Home Link Redirect" status="PASSED">
         <system-out><![CDATA[2019-04-27 03:29:53 - [TEST_CASE][PASSED] - Test Cases/iCommons Site/Home Link Redirect: Test Cases/iCommons Site/Home Link Redirect

2019-04-27 03:29:53 - [TEST_STEP][PASSED] - click(findTestObject("Home link")): Object: 'Object Repository/Home link' is clicked on

2019-04-27 03:29:55 - [MESSAGE][PASSED] - Object: 'Object Repository/Home link' is clicked on

2019-04-27 03:29:55 - [TEST_STEP][PASSED] - waitForPageLoad(6): Wait for page load successfully

2019-04-27 03:29:55 - [MESSAGE][PASSED] - Wait for page load successfully

2019-04-27 03:29:55 - [TEST_STEP][PASSED] - delay(2): Delayed 2 second(s)

2019-04-27 03:29:57 - [MESSAGE][PASSED] - Delayed 2 second(s)]]></system-out>
         <system-err><![CDATA[]]></system-err>
      </testcase>
      <testcase name="Test Cases/iCommons Site/My CCI Redirect" classname="Test Cases/iCommons Site/My CCI Redirect" status="PASSED">
         <system-out><![CDATA[2019-04-27 03:29:57 - [TEST_CASE][PASSED] - Test Cases/iCommons Site/My CCI Redirect: Test Cases/iCommons Site/My CCI Redirect

2019-04-27 03:29:57 - [TEST_STEP][PASSED] - click(findTestObject("My CCI link")): Object: 'Object Repository/My CCI link' is clicked on

2019-04-27 03:29:59 - [MESSAGE][PASSED] - Object: 'Object Repository/My CCI link' is clicked on

2019-04-27 03:29:59 - [TEST_STEP][PASSED] - waitForPageLoad(8): Wait for page load successfully

2019-04-27 03:29:59 - [MESSAGE][PASSED] - Wait for page load successfully

2019-04-27 03:29:59 - [TEST_STEP][PASSED] - delay(3): Delayed 3 second(s)

2019-04-27 03:30:02 - [MESSAGE][PASSED] - Delayed 3 second(s)

2019-04-27 03:30:02 - [TEST_STEP][PASSED] - back(): Navigate back successfully

2019-04-27 03:30:04 - [MESSAGE][PASSED] - Navigate back successfully

2019-04-27 03:30:04 - [TEST_STEP][PASSED] - waitForPageLoad(5): Wait for page load successfully

2019-04-27 03:30:04 - [MESSAGE][PASSED] - Wait for page load successfully

2019-04-27 03:30:04 - [TEST_STEP][PASSED] - delay(4): Delayed 4 second(s)

2019-04-27 03:30:08 - [MESSAGE][PASSED] - Delayed 4 second(s)]]></system-out>
         <system-err><![CDATA[]]></system-err>
      </testcase>
      <testcase name="Test Cases/iCommons Site/Sign In Interface" classname="Test Cases/iCommons Site/Sign In Interface" status="PASSED">
         <system-out><![CDATA[2019-04-27 03:30:08 - [TEST_CASE][PASSED] - Test Cases/iCommons Site/Sign In Interface: Test Cases/iCommons Site/Sign In Interface

2019-04-27 03:30:08 - [TEST_STEP][PASSED] - click(findTestObject("Sign In link")): Object: 'Object Repository/Sign In link' is clicked on

2019-04-27 03:30:08 - [MESSAGE][PASSED] - Object: 'Object Repository/Sign In link' is clicked on

2019-04-27 03:30:08 - [TEST_STEP][PASSED] - waitForPageLoad(5): Wait for page load successfully

2019-04-27 03:30:08 - [MESSAGE][PASSED] - Wait for page load successfully

2019-04-27 03:30:08 - [TEST_STEP][PASSED] - delay(2): Delayed 2 second(s)

2019-04-27 03:30:10 - [MESSAGE][PASSED] - Delayed 2 second(s)

2019-04-27 03:30:10 - [TEST_STEP][PASSED] - click(findTestObject("Username field")): Object: 'Object Repository/Username field' is clicked on

2019-04-27 03:30:10 - [MESSAGE][PASSED] - Object: 'Object Repository/Username field' is clicked on

2019-04-27 03:30:10 - [TEST_STEP][PASSED] - delay(1): Delayed 1 second(s)

2019-04-27 03:30:11 - [MESSAGE][PASSED] - Delayed 1 second(s)

2019-04-27 03:30:11 - [TEST_STEP][PASSED] - setText(findTestObject("Username field"), "test"): Text 'test' is set on object 'Object Repository/Username field'

2019-04-27 03:30:12 - [MESSAGE][PASSED] - Text 'test' is set on object 'Object Repository/Username field'

2019-04-27 03:30:12 - [TEST_STEP][PASSED] - delay(1): Delayed 1 second(s)

2019-04-27 03:30:13 - [MESSAGE][PASSED] - Delayed 1 second(s)

2019-04-27 03:30:13 - [TEST_STEP][PASSED] - click(findTestObject("Password field")): Object: 'Object Repository/Password field' is clicked on

2019-04-27 03:30:13 - [MESSAGE][PASSED] - Object: 'Object Repository/Password field' is clicked on

2019-04-27 03:30:13 - [TEST_STEP][PASSED] - delay(1): Delayed 1 second(s)

2019-04-27 03:30:14 - [MESSAGE][PASSED] - Delayed 1 second(s)

2019-04-27 03:30:14 - [TEST_STEP][PASSED] - setText(findTestObject("Password field"), "test"): Text 'test' is set on object 'Object Repository/Password field'

2019-04-27 03:30:14 - [MESSAGE][PASSED] - Text 'test' is set on object 'Object Repository/Password field'

2019-04-27 03:30:14 - [TEST_STEP][PASSED] - delay(1): Delayed 1 second(s)

2019-04-27 03:30:15 - [MESSAGE][PASSED] - Delayed 1 second(s)

2019-04-27 03:30:15 - [TEST_STEP][PASSED] - click(findTestObject("Sign In button")): Object: 'Object Repository/Sign In button' is clicked on

2019-04-27 03:30:15 - [MESSAGE][PASSED] - Object: 'Object Repository/Sign In button' is clicked on

2019-04-27 03:30:15 - [TEST_STEP][PASSED] - waitForPageLoad(5): Wait for page load successfully

2019-04-27 03:30:15 - [MESSAGE][PASSED] - Wait for page load successfully

2019-04-27 03:30:15 - [TEST_STEP][PASSED] - delay(3): Delayed 3 second(s)

2019-04-27 03:30:18 - [MESSAGE][PASSED] - Delayed 3 second(s)

2019-04-27 03:30:18 - [TEST_STEP][PASSED] - click(findTestObject("Username field")): Object: 'Object Repository/Username field' is clicked on

2019-04-27 03:30:18 - [MESSAGE][PASSED] - Object: 'Object Repository/Username field' is clicked on

2019-04-27 03:30:18 - [TEST_STEP][PASSED] - delay(1): Delayed 1 second(s)

2019-04-27 03:30:19 - [MESSAGE][PASSED] - Delayed 1 second(s)

2019-04-27 03:30:19 - [TEST_STEP][PASSED] - setText(findTestObject("Username field"), "jtp53"): Text 'jtp53' is set on object 'Object Repository/Username field'

2019-04-27 03:30:19 - [MESSAGE][PASSED] - Text 'jtp53' is set on object 'Object Repository/Username field'

2019-04-27 03:30:19 - [TEST_STEP][PASSED] - delay(1): Delayed 1 second(s)

2019-04-27 03:30:20 - [MESSAGE][PASSED] - Delayed 1 second(s)

2019-04-27 03:30:20 - [TEST_STEP][PASSED] - click(findTestObject("Password field")): Object: 'Object Repository/Password field' is clicked on

2019-04-27 03:30:20 - [MESSAGE][PASSED] - Object: 'Object Repository/Password field' is clicked on

2019-04-27 03:30:20 - [TEST_STEP][PASSED] - setText(findTestObject("Password field"), ""): Text '' is set on object 'Object Repository/Password field'

2019-04-27 03:30:21 - [MESSAGE][PASSED] - Text '' is set on object 'Object Repository/Password field'

2019-04-27 03:30:21 - [TEST_STEP][PASSED] - delay(1): Delayed 1 second(s)

2019-04-27 03:30:22 - [MESSAGE][PASSED] - Delayed 1 second(s)

2019-04-27 03:30:22 - [TEST_STEP][PASSED] - click(findTestObject("Sign In button")): Object: 'Object Repository/Sign In button' is clicked on

2019-04-27 03:30:22 - [MESSAGE][PASSED] - Object: 'Object Repository/Sign In button' is clicked on

2019-04-27 03:30:22 - [TEST_STEP][PASSED] - waitForPageLoad(5): Wait for page load successfully

2019-04-27 03:30:22 - [MESSAGE][PASSED] - Wait for page load successfully

2019-04-27 03:30:22 - [TEST_STEP][PASSED] - delay(3): Delayed 3 second(s)

2019-04-27 03:30:25 - [MESSAGE][PASSED] - Delayed 3 second(s)]]></system-out>
         <system-err><![CDATA[]]></system-err>
      </testcase>
      <testcase name="Test Cases/iCommons Site/Admin Sign In Interface" classname="Test Cases/iCommons Site/Admin Sign In Interface" status="PASSED">
         <system-out><![CDATA[2019-04-27 03:30:25 - [TEST_CASE][PASSED] - Test Cases/iCommons Site/Admin Sign In Interface: Test Cases/iCommons Site/Admin Sign In Interface

2019-04-27 03:30:25 - [TEST_STEP][PASSED] - navigateToUrl("http://rack113.cs.drexel.edu/admin"): Navigate to 'http://rack113.cs.drexel.edu/admin' successfully

2019-04-27 03:30:25 - [MESSAGE][PASSED] - Navigate to 'http://rack113.cs.drexel.edu/admin' successfully

2019-04-27 03:30:25 - [TEST_STEP][PASSED] - waitForPageLoad(7): Wait for page load successfully

2019-04-27 03:30:25 - [MESSAGE][PASSED] - Wait for page load successfully

2019-04-27 03:30:25 - [TEST_STEP][PASSED] - delay(3): Delayed 3 second(s)

2019-04-27 03:30:28 - [MESSAGE][PASSED] - Delayed 3 second(s)

2019-04-27 03:30:28 - [TEST_STEP][PASSED] - navigateToUrl("http://rack113.cs.drexel.edu/"): Navigate to 'http://rack113.cs.drexel.edu/' successfully

2019-04-27 03:30:31 - [MESSAGE][PASSED] - Navigate to 'http://rack113.cs.drexel.edu/' successfully

2019-04-27 03:30:31 - [TEST_STEP][PASSED] - delay(3): Delayed 3 second(s)

2019-04-27 03:30:34 - [MESSAGE][PASSED] - Delayed 3 second(s)]]></system-out>
         <system-err><![CDATA[]]></system-err>
      </testcase>
      <system-out><![CDATA[2019-04-27 03:29:27 - [TEST_SUITE][PASSED] - Client Side Test Cases 1-9: Test Cases/iCommons Site/Admin Sign In Interface]]></system-out>
      <system-err><![CDATA[]]></system-err>
   </testsuite>
</testsuites>
