<?xml version="1.0" encoding="UTF-8"?>
<testsuites name="Client Side Test Cases 1-9" time="76" tests="8" failures="0" errors="0">
   <testsuite name="Client Side Test Cases 1-9" tests="8" failures="0" errors="0" time="76" timestamp="2019-04-27 17:30:52" hostname="Joseph - Joseph-PC" id="Test Suites/Client Side Test Cases 1-9">
      <properties>
         <property name="deviceName" value=""/>
         <property name="devicePlatform" value=""/>
         <property name="logFolder" value="C:\\Users\\Joseph\\git\\iCommons\\Reports\\Client Side Test Cases 1-9\\20190427_173042"/>
         <property name="logFiles" value="C:\\Users\\Joseph\\git\\iCommons\\Reports\\Client Side Test Cases 1-9\\20190427_173042\\execution0.log"/>
         <property name="attachments" value=""/>
         <property name="hostName" value="Joseph - Joseph-PC"/>
         <property name="os" value="Windows 7 64bit"/>
         <property name="katalonVersion" value="6.1.2.2"/>
         <property name="browser" value="Chrome 73.0.3683.103"/>
         <property name="hostAddress" value="192.168.1.65"/>
         <property name="sessionId" value="4d416e0afaa36bba1e052922533defa8"/>
         <property name="seleniumVersion" value="3.7.1"/>
         <property name="proxyInformation" value="ProxyInformation{proxyOption=NO_PROXY, proxyServerType=HTTP, password=, proxyServerAddress=, proxyServerPort=0}"/>
         <property name="platform" value="Windows 7"/>
      </properties>
      <testcase name="Test Cases/iCommons Site/Load Homepage" classname="Test Cases/iCommons Site/Load Homepage" status="PASSED">
         <system-out><![CDATA[2019-04-27 17:30:52 - [TEST_CASE][PASSED] - Test Cases/iCommons Site/Load Homepage: Test Cases/iCommons Site/Load Homepage

2019-04-27 17:30:53 - [TEST_STEP][PASSED] - openBrowser("http://rack113.cs.drexel.edu/"): Browser is opened with url: 'http://rack113.cs.drexel.edu/'

2019-04-27 17:30:53 - [MESSAGE][INFO] - Starting 'Chrome' driver

2019-04-27 17:30:53 - [MESSAGE][INFO] - Action delay is set to 0 seconds

2019-04-27 17:30:58 - [MESSAGE][PASSED] - Browser is opened with url: 'http://rack113.cs.drexel.edu/'

2019-04-27 17:30:58 - [TEST_STEP][PASSED] - waitForPageLoad(6): Wait for page load successfully

2019-04-27 17:30:58 - [MESSAGE][PASSED] - Wait for page load successfully

2019-04-27 17:30:58 - [TEST_STEP][PASSED] - delay(3): Delayed 3 second(s)

2019-04-27 17:31:01 - [MESSAGE][PASSED] - Delayed 3 second(s)]]></system-out>
         <system-err><![CDATA[]]></system-err>
      </testcase>
      <testcase name="Test Cases/iCommons Site/CCI Logo Redirect" classname="Test Cases/iCommons Site/CCI Logo Redirect" status="PASSED">
         <system-out><![CDATA[2019-04-27 17:31:01 - [TEST_CASE][PASSED] - Test Cases/iCommons Site/CCI Logo Redirect: Test Cases/iCommons Site/CCI Logo Redirect

2019-04-27 17:31:01 - [TEST_STEP][PASSED] - click(findTestObject("CCI Logo")): Object: 'Object Repository/CCI Logo' is clicked on

2019-04-27 17:31:02 - [MESSAGE][PASSED] - Object: 'Object Repository/CCI Logo' is clicked on

2019-04-27 17:31:02 - [TEST_STEP][PASSED] - waitForPageLoad(10): Wait for page load successfully

2019-04-27 17:31:02 - [MESSAGE][PASSED] - Wait for page load successfully

2019-04-27 17:31:02 - [TEST_STEP][PASSED] - delay(3): Delayed 3 second(s)

2019-04-27 17:31:05 - [MESSAGE][PASSED] - Delayed 3 second(s)

2019-04-27 17:31:05 - [TEST_STEP][PASSED] - back(): Navigate back successfully

2019-04-27 17:31:13 - [MESSAGE][PASSED] - Navigate back successfully

2019-04-27 17:31:13 - [TEST_STEP][PASSED] - waitForPageLoad(5): Wait for page load successfully

2019-04-27 17:31:13 - [MESSAGE][PASSED] - Wait for page load successfully

2019-04-27 17:31:13 - [TEST_STEP][PASSED] - delay(2): Delayed 2 second(s)

2019-04-27 17:31:15 - [MESSAGE][PASSED] - Delayed 2 second(s)]]></system-out>
         <system-err><![CDATA[]]></system-err>
      </testcase>
      <testcase name="Test Cases/iCommons Site/Reserve Room Link" classname="Test Cases/iCommons Site/Reserve Room Link" status="PASSED">
         <system-out><![CDATA[2019-04-27 17:31:15 - [TEST_CASE][PASSED] - Test Cases/iCommons Site/Reserve Room Link: Test Cases/iCommons Site/Reserve Room Link

2019-04-27 17:31:15 - [TEST_STEP][PASSED] - click(findTestObject("Resource Reservation option")): Object: 'Object Repository/Resource Reservation option' is clicked on

2019-04-27 17:31:15 - [MESSAGE][PASSED] - Object: 'Object Repository/Resource Reservation option' is clicked on

2019-04-27 17:31:15 - [TEST_STEP][PASSED] - delay(1): Delayed 1 second(s)

2019-04-27 17:31:16 - [MESSAGE][PASSED] - Delayed 1 second(s)

2019-04-27 17:31:16 - [TEST_STEP][PASSED] - click(findTestObject("Room Reservation link")): Object: 'Object Repository/Room Reservation link' is clicked on

2019-04-27 17:31:16 - [MESSAGE][PASSED] - Object: 'Object Repository/Room Reservation link' is clicked on

2019-04-27 17:31:16 - [TEST_STEP][PASSED] - delay(3): Delayed 3 second(s)

2019-04-27 17:31:19 - [MESSAGE][PASSED] - Delayed 3 second(s)]]></system-out>
         <system-err><![CDATA[]]></system-err>
      </testcase>
      <testcase name="Test Cases/iCommons Site/Reserve Equipment Link" classname="Test Cases/iCommons Site/Reserve Equipment Link" status="PASSED">
         <system-out><![CDATA[2019-04-27 17:31:19 - [TEST_CASE][PASSED] - Test Cases/iCommons Site/Reserve Equipment Link: Test Cases/iCommons Site/Reserve Equipment Link

2019-04-27 17:31:19 - [TEST_STEP][PASSED] - click(findTestObject("Resource Reservation option")): Object: 'Object Repository/Resource Reservation option' is clicked on

2019-04-27 17:31:19 - [MESSAGE][PASSED] - Object: 'Object Repository/Resource Reservation option' is clicked on

2019-04-27 17:31:19 - [TEST_STEP][PASSED] - delay(2): Delayed 2 second(s)

2019-04-27 17:31:21 - [MESSAGE][PASSED] - Delayed 2 second(s)

2019-04-27 17:31:21 - [TEST_STEP][PASSED] - click(findTestObject("Equipment Reservation link")): Object: 'Object Repository/Equipment Reservation link' is clicked on

2019-04-27 17:31:22 - [MESSAGE][PASSED] - Object: 'Object Repository/Equipment Reservation link' is clicked on

2019-04-27 17:31:22 - [TEST_STEP][PASSED] - waitForPageLoad(5): Wait for page load successfully

2019-04-27 17:31:22 - [MESSAGE][PASSED] - Wait for page load successfully

2019-04-27 17:31:22 - [TEST_STEP][PASSED] - delay(3): Delayed 3 second(s)

2019-04-27 17:31:25 - [MESSAGE][PASSED] - Delayed 3 second(s)]]></system-out>
         <system-err><![CDATA[]]></system-err>
      </testcase>
      <testcase name="Test Cases/iCommons Site/Home Link Redirect" classname="Test Cases/iCommons Site/Home Link Redirect" status="PASSED">
         <system-out><![CDATA[2019-04-27 17:31:25 - [TEST_CASE][PASSED] - Test Cases/iCommons Site/Home Link Redirect: Test Cases/iCommons Site/Home Link Redirect

2019-04-27 17:31:25 - [TEST_STEP][PASSED] - click(findTestObject("Home link")): Object: 'Object Repository/Home link' is clicked on

2019-04-27 17:31:27 - [MESSAGE][PASSED] - Object: 'Object Repository/Home link' is clicked on

2019-04-27 17:31:27 - [TEST_STEP][PASSED] - waitForPageLoad(6): Wait for page load successfully

2019-04-27 17:31:27 - [MESSAGE][PASSED] - Wait for page load successfully

2019-04-27 17:31:27 - [TEST_STEP][PASSED] - delay(2): Delayed 2 second(s)

2019-04-27 17:31:29 - [MESSAGE][PASSED] - Delayed 2 second(s)]]></system-out>
         <system-err><![CDATA[]]></system-err>
      </testcase>
      <testcase name="Test Cases/iCommons Site/My CCI Redirect" classname="Test Cases/iCommons Site/My CCI Redirect" status="PASSED">
         <system-out><![CDATA[2019-04-27 17:31:29 - [TEST_CASE][PASSED] - Test Cases/iCommons Site/My CCI Redirect: Test Cases/iCommons Site/My CCI Redirect

2019-04-27 17:31:29 - [TEST_STEP][PASSED] - click(findTestObject("My CCI link")): Object: 'Object Repository/My CCI link' is clicked on

2019-04-27 17:31:31 - [MESSAGE][PASSED] - Object: 'Object Repository/My CCI link' is clicked on

2019-04-27 17:31:31 - [TEST_STEP][PASSED] - waitForPageLoad(8): Wait for page load successfully

2019-04-27 17:31:31 - [MESSAGE][PASSED] - Wait for page load successfully

2019-04-27 17:31:31 - [TEST_STEP][PASSED] - delay(3): Delayed 3 second(s)

2019-04-27 17:31:34 - [MESSAGE][PASSED] - Delayed 3 second(s)

2019-04-27 17:31:34 - [TEST_STEP][PASSED] - back(): Navigate back successfully

2019-04-27 17:31:36 - [MESSAGE][PASSED] - Navigate back successfully

2019-04-27 17:31:36 - [TEST_STEP][PASSED] - waitForPageLoad(5): Wait for page load successfully

2019-04-27 17:31:36 - [MESSAGE][PASSED] - Wait for page load successfully

2019-04-27 17:31:36 - [TEST_STEP][PASSED] - delay(4): Delayed 4 second(s)

2019-04-27 17:31:40 - [MESSAGE][PASSED] - Delayed 4 second(s)]]></system-out>
         <system-err><![CDATA[]]></system-err>
      </testcase>
      <testcase name="Test Cases/iCommons Site/Sign In Interface" classname="Test Cases/iCommons Site/Sign In Interface" status="PASSED">
         <system-out><![CDATA[2019-04-27 17:31:40 - [TEST_CASE][PASSED] - Test Cases/iCommons Site/Sign In Interface: Test Cases/iCommons Site/Sign In Interface

2019-04-27 17:31:40 - [TEST_STEP][PASSED] - click(findTestObject("Sign In link")): Object: 'Object Repository/Sign In link' is clicked on

2019-04-27 17:31:41 - [MESSAGE][PASSED] - Object: 'Object Repository/Sign In link' is clicked on

2019-04-27 17:31:41 - [TEST_STEP][PASSED] - waitForPageLoad(5): Wait for page load successfully

2019-04-27 17:31:41 - [MESSAGE][PASSED] - Wait for page load successfully

2019-04-27 17:31:41 - [TEST_STEP][PASSED] - delay(2): Delayed 2 second(s)

2019-04-27 17:31:43 - [MESSAGE][PASSED] - Delayed 2 second(s)

2019-04-27 17:31:43 - [TEST_STEP][PASSED] - click(findTestObject("Username field")): Object: 'Object Repository/Username field' is clicked on

2019-04-27 17:31:43 - [MESSAGE][PASSED] - Object: 'Object Repository/Username field' is clicked on

2019-04-27 17:31:43 - [TEST_STEP][PASSED] - delay(1): Delayed 1 second(s)

2019-04-27 17:31:44 - [MESSAGE][PASSED] - Delayed 1 second(s)

2019-04-27 17:31:44 - [TEST_STEP][PASSED] - setText(findTestObject("Username field"), "test"): Text 'test' is set on object 'Object Repository/Username field'

2019-04-27 17:31:44 - [MESSAGE][PASSED] - Text 'test' is set on object 'Object Repository/Username field'

2019-04-27 17:31:44 - [TEST_STEP][PASSED] - delay(1): Delayed 1 second(s)

2019-04-27 17:31:45 - [MESSAGE][PASSED] - Delayed 1 second(s)

2019-04-27 17:31:45 - [TEST_STEP][PASSED] - click(findTestObject("Password field")): Object: 'Object Repository/Password field' is clicked on

2019-04-27 17:31:45 - [MESSAGE][PASSED] - Object: 'Object Repository/Password field' is clicked on

2019-04-27 17:31:45 - [TEST_STEP][PASSED] - delay(1): Delayed 1 second(s)

2019-04-27 17:31:46 - [MESSAGE][PASSED] - Delayed 1 second(s)

2019-04-27 17:31:46 - [TEST_STEP][PASSED] - setText(findTestObject("Password field"), "test"): Text 'test' is set on object 'Object Repository/Password field'

2019-04-27 17:31:46 - [MESSAGE][PASSED] - Text 'test' is set on object 'Object Repository/Password field'

2019-04-27 17:31:46 - [TEST_STEP][PASSED] - delay(1): Delayed 1 second(s)

2019-04-27 17:31:47 - [MESSAGE][PASSED] - Delayed 1 second(s)

2019-04-27 17:31:47 - [TEST_STEP][PASSED] - click(findTestObject("Sign In button")): Object: 'Object Repository/Sign In button' is clicked on

2019-04-27 17:31:47 - [MESSAGE][PASSED] - Object: 'Object Repository/Sign In button' is clicked on

2019-04-27 17:31:47 - [TEST_STEP][PASSED] - waitForPageLoad(5): Wait for page load successfully

2019-04-27 17:31:47 - [MESSAGE][PASSED] - Wait for page load successfully

2019-04-27 17:31:47 - [TEST_STEP][PASSED] - delay(3): Delayed 3 second(s)

2019-04-27 17:31:50 - [MESSAGE][PASSED] - Delayed 3 second(s)

2019-04-27 17:31:50 - [TEST_STEP][PASSED] - click(findTestObject("Username field")): Object: 'Object Repository/Username field' is clicked on

2019-04-27 17:31:51 - [MESSAGE][PASSED] - Object: 'Object Repository/Username field' is clicked on

2019-04-27 17:31:51 - [TEST_STEP][PASSED] - delay(1): Delayed 1 second(s)

2019-04-27 17:31:52 - [MESSAGE][PASSED] - Delayed 1 second(s)

2019-04-27 17:31:52 - [TEST_STEP][PASSED] - setText(findTestObject("Username field"), "jtp53"): Text 'jtp53' is set on object 'Object Repository/Username field'

2019-04-27 17:31:52 - [MESSAGE][PASSED] - Text 'jtp53' is set on object 'Object Repository/Username field'

2019-04-27 17:31:52 - [TEST_STEP][PASSED] - delay(1): Delayed 1 second(s)

2019-04-27 17:31:53 - [MESSAGE][PASSED] - Delayed 1 second(s)

2019-04-27 17:31:53 - [TEST_STEP][PASSED] - click(findTestObject("Password field")): Object: 'Object Repository/Password field' is clicked on

2019-04-27 17:31:53 - [MESSAGE][PASSED] - Object: 'Object Repository/Password field' is clicked on

2019-04-27 17:31:53 - [TEST_STEP][PASSED] - setText(findTestObject("Password field"), "testone23"): Text 'testone23' is set on object 'Object Repository/Password field'

2019-04-27 17:31:53 - [MESSAGE][PASSED] - Text 'testone23' is set on object 'Object Repository/Password field'

2019-04-27 17:31:53 - [TEST_STEP][PASSED] - delay(1): Delayed 1 second(s)

2019-04-27 17:31:54 - [MESSAGE][PASSED] - Delayed 1 second(s)

2019-04-27 17:31:54 - [TEST_STEP][PASSED] - click(findTestObject("Sign In button")): Object: 'Object Repository/Sign In button' is clicked on

2019-04-27 17:31:56 - [MESSAGE][PASSED] - Object: 'Object Repository/Sign In button' is clicked on

2019-04-27 17:31:56 - [TEST_STEP][PASSED] - waitForPageLoad(5): Wait for page load successfully

2019-04-27 17:31:56 - [MESSAGE][PASSED] - Wait for page load successfully

2019-04-27 17:31:56 - [TEST_STEP][PASSED] - delay(3): Delayed 3 second(s)

2019-04-27 17:31:59 - [MESSAGE][PASSED] - Delayed 3 second(s)]]></system-out>
         <system-err><![CDATA[]]></system-err>
      </testcase>
      <testcase name="Test Cases/iCommons Site/Admin Sign In Interface" classname="Test Cases/iCommons Site/Admin Sign In Interface" status="PASSED">
         <system-out><![CDATA[2019-04-27 17:31:59 - [TEST_CASE][PASSED] - Test Cases/iCommons Site/Admin Sign In Interface: Test Cases/iCommons Site/Admin Sign In Interface

2019-04-27 17:31:59 - [TEST_STEP][PASSED] - navigateToUrl("http://rack113.cs.drexel.edu/admin"): Navigate to 'http://rack113.cs.drexel.edu/admin' successfully

2019-04-27 17:32:00 - [MESSAGE][PASSED] - Navigate to 'http://rack113.cs.drexel.edu/admin' successfully

2019-04-27 17:32:00 - [TEST_STEP][PASSED] - waitForPageLoad(7): Wait for page load successfully

2019-04-27 17:32:00 - [MESSAGE][PASSED] - Wait for page load successfully

2019-04-27 17:32:00 - [TEST_STEP][PASSED] - delay(3): Delayed 3 second(s)

2019-04-27 17:32:03 - [MESSAGE][PASSED] - Delayed 3 second(s)

2019-04-27 17:32:03 - [TEST_STEP][PASSED] - navigateToUrl("http://rack113.cs.drexel.edu/"): Navigate to 'http://rack113.cs.drexel.edu/' successfully

2019-04-27 17:32:05 - [MESSAGE][PASSED] - Navigate to 'http://rack113.cs.drexel.edu/' successfully

2019-04-27 17:32:05 - [TEST_STEP][PASSED] - delay(3): Delayed 3 second(s)

2019-04-27 17:32:08 - [MESSAGE][PASSED] - Delayed 3 second(s)]]></system-out>
         <system-err><![CDATA[]]></system-err>
      </testcase>
      <system-out><![CDATA[2019-04-27 17:30:52 - [TEST_SUITE][PASSED] - Client Side Test Cases 1-9: Test Cases/iCommons Site/Admin Sign In Interface]]></system-out>
      <system-err><![CDATA[]]></system-err>
   </testsuite>
</testsuites>
