<?xml version="1.0" encoding="UTF-8"?>
<testsuites name="Client Side Test Cases 1-9" time="19" tests="3" failures="0" errors="0">
   <testsuite name="Client Side Test Cases 1-9" tests="3" failures="0" errors="0" time="19" timestamp="2019-04-26 16:22:33" hostname="Joseph - Joseph-PC" id="Test Suites/Client Side Test Cases 1-9">
      <properties>
         <property name="deviceName" value=""/>
         <property name="devicePlatform" value=""/>
         <property name="logFolder" value="C:\\Users\\Joseph\\git\\iCommons\\Reports\\Client Side Test Cases 1-9\\20190426_162231"/>
         <property name="logFiles" value="C:\\Users\\Joseph\\git\\iCommons\\Reports\\Client Side Test Cases 1-9\\20190426_162231\\execution0.log"/>
         <property name="attachments" value=""/>
         <property name="hostName" value="Joseph - Joseph-PC"/>
         <property name="os" value="Windows 7 64bit"/>
         <property name="katalonVersion" value="6.1.2.2"/>
         <property name="browser" value="Chrome 73.0.3683.103"/>
         <property name="hostAddress" value="192.168.1.65"/>
         <property name="sessionId" value="f8ff8498c0b9b39c19b1cb1bbe6758f6"/>
         <property name="seleniumVersion" value="3.7.1"/>
         <property name="proxyInformation" value="ProxyInformation{proxyOption=NO_PROXY, proxyServerType=HTTP, password=, proxyServerAddress=, proxyServerPort=0}"/>
         <property name="platform" value="Windows 7"/>
      </properties>
      <testcase name="Test Cases/Load Homepage" classname="Test Cases/Load Homepage" status="PASSED">
         <system-out><![CDATA[2019-04-26 16:22:33 - [TEST_CASE][PASSED] - Test Cases/Load Homepage: Test Cases/Load Homepage

2019-04-26 16:22:33 - [TEST_STEP][PASSED] - openBrowser("http://rack113.cs.drexel.edu/"): Browser is opened with url: 'http://rack113.cs.drexel.edu/'

2019-04-26 16:22:34 - [MESSAGE][INFO] - Starting 'Chrome' driver

2019-04-26 16:22:34 - [MESSAGE][INFO] - Action delay is set to 0 seconds

2019-04-26 16:22:38 - [MESSAGE][PASSED] - Browser is opened with url: 'http://rack113.cs.drexel.edu/'

2019-04-26 16:22:38 - [TEST_STEP][PASSED] - waitForPageLoad(6): Wait for page load successfully

2019-04-26 16:22:38 - [MESSAGE][PASSED] - Wait for page load successfully

2019-04-26 16:22:38 - [TEST_STEP][PASSED] - waitForAlert(2): No alert found after 2 second(s).

2019-04-26 16:22:40 - [MESSAGE][WARNING] - No alert found after 2 second(s).]]></system-out>
         <system-err><![CDATA[]]></system-err>
      </testcase>
      <testcase name="Test Cases/CCI Logo Redirect" classname="Test Cases/CCI Logo Redirect" status="PASSED">
         <system-out><![CDATA[2019-04-26 16:22:40 - [TEST_CASE][PASSED] - Test Cases/CCI Logo Redirect: Test Cases/CCI Logo Redirect

2019-04-26 16:22:40 - [TEST_STEP][PASSED] - click(findTestObject("CCI Logo")): Object: 'Object Repository/CCI Logo' is clicked on

2019-04-26 16:22:41 - [MESSAGE][PASSED] - Object: 'Object Repository/CCI Logo' is clicked on

2019-04-26 16:22:41 - [TEST_STEP][PASSED] - waitForPageLoad(30): Wait for page load successfully

2019-04-26 16:22:41 - [MESSAGE][PASSED] - Wait for page load successfully

2019-04-26 16:22:41 - [TEST_STEP][PASSED] - waitForAlert(3): No alert found after 3 second(s).

2019-04-26 16:22:44 - [MESSAGE][WARNING] - No alert found after 3 second(s).

2019-04-26 16:22:44 - [TEST_STEP][PASSED] - back(): Navigate back successfully

2019-04-26 16:22:46 - [MESSAGE][PASSED] - Navigate back successfully

2019-04-26 16:22:46 - [TEST_STEP][PASSED] - waitForPageLoad(5): Wait for page load successfully

2019-04-26 16:22:46 - [MESSAGE][PASSED] - Wait for page load successfully]]></system-out>
         <system-err><![CDATA[]]></system-err>
      </testcase>
      <testcase name="Test Cases/Reserve Room Link" classname="Test Cases/Reserve Room Link" status="PASSED">
         <system-out><![CDATA[2019-04-26 16:22:46 - [TEST_CASE][PASSED] - Test Cases/Reserve Room Link: Test Cases/Reserve Room Link

2019-04-26 16:22:46 - [TEST_STEP][PASSED] - click(findTestObject("Resource Reservation option")): Object: 'Object Repository/Resource Reservation option' is clicked on

2019-04-26 16:22:46 - [MESSAGE][PASSED] - Object: 'Object Repository/Resource Reservation option' is clicked on

2019-04-26 16:22:46 - [TEST_STEP][PASSED] - click(findTestObject("Room Reservation link")): Object: 'Object Repository/Room Reservation link' is clicked on

2019-04-26 16:22:47 - [MESSAGE][PASSED] - Object: 'Object Repository/Room Reservation link' is clicked on

2019-04-26 16:22:47 - [TEST_STEP][PASSED] - waitForPageLoad(5): Wait for page load successfully

2019-04-26 16:22:47 - [MESSAGE][PASSED] - Wait for page load successfully

2019-04-26 16:22:47 - [TEST_STEP][PASSED] - waitForAlert(5): No alert found after 5 second(s).

2019-04-26 16:22:52 - [MESSAGE][WARNING] - No alert found after 5 second(s).]]></system-out>
         <system-err><![CDATA[]]></system-err>
      </testcase>
      <system-out><![CDATA[2019-04-26 16:22:33 - [TEST_SUITE][PASSED] - Client Side Test Cases 1-9: Test Cases/Reserve Room Link]]></system-out>
      <system-err><![CDATA[]]></system-err>
   </testsuite>
</testsuites>
