<?xml version="1.0" encoding="UTF-8"?>
<testsuites name="Client Side Test Cases 1-9" time="24" tests="2" failures="0" errors="0">
   <testsuite name="Client Side Test Cases 1-9" tests="2" failures="0" errors="0" time="24" timestamp="2019-04-27 21:11:30" hostname="Joseph - Joseph-PC" id="Test Suites/Client Side Test Cases 1-9">
      <properties>
         <property name="deviceName" value=""/>
         <property name="devicePlatform" value=""/>
         <property name="logFolder" value="C:\\Users\\Joseph\\git\\iCommons\\Reports\\Client Side Test Cases 1-9\\20190427_211129"/>
         <property name="logFiles" value="C:\\Users\\Joseph\\git\\iCommons\\Reports\\Client Side Test Cases 1-9\\20190427_211129\\execution0.log"/>
         <property name="attachments" value=""/>
         <property name="hostName" value="Joseph - Joseph-PC"/>
         <property name="os" value="Windows 7 64bit"/>
         <property name="katalonVersion" value="6.1.2.2"/>
         <property name="browser" value="Chrome 73.0.3683.103"/>
         <property name="hostAddress" value="192.168.1.65"/>
         <property name="sessionId" value="327d9218169702193ecc10ccfe8f298c"/>
         <property name="seleniumVersion" value="3.7.1"/>
         <property name="proxyInformation" value="ProxyInformation{proxyOption=NO_PROXY, proxyServerType=HTTP, password=, proxyServerAddress=, proxyServerPort=0}"/>
         <property name="platform" value="Windows 7"/>
      </properties>
      <testcase name="Test Cases/iCommons Site/Load Homepage" classname="Test Cases/iCommons Site/Load Homepage" status="PASSED">
         <system-out><![CDATA[2019-04-27 21:11:30 - [TEST_CASE][PASSED] - Test Cases/iCommons Site/Load Homepage: Test Cases/iCommons Site/Load Homepage

2019-04-27 21:11:31 - [TEST_STEP][PASSED] - openBrowser("http://rack113.cs.drexel.edu/"): Browser is opened with url: 'http://rack113.cs.drexel.edu/'

2019-04-27 21:11:31 - [MESSAGE][INFO] - Starting 'Chrome' driver

2019-04-27 21:11:31 - [MESSAGE][INFO] - Action delay is set to 0 seconds

2019-04-27 21:11:35 - [MESSAGE][PASSED] - Browser is opened with url: 'http://rack113.cs.drexel.edu/'

2019-04-27 21:11:35 - [TEST_STEP][PASSED] - waitForPageLoad(6): Wait for page load successfully

2019-04-27 21:11:35 - [MESSAGE][PASSED] - Wait for page load successfully

2019-04-27 21:11:35 - [TEST_STEP][PASSED] - delay(3): Delayed 3 second(s)

2019-04-27 21:11:38 - [MESSAGE][PASSED] - Delayed 3 second(s)]]></system-out>
         <system-err><![CDATA[]]></system-err>
      </testcase>
      <testcase name="Test Cases/iCommons Site/Submit Tickets View" classname="Test Cases/iCommons Site/Submit Tickets View" status="PASSED">
         <system-out><![CDATA[2019-04-27 21:11:38 - [TEST_CASE][PASSED] - Test Cases/iCommons Site/Submit Tickets View: Test Cases/iCommons Site/Submit Tickets View

2019-04-27 21:11:38 - [TEST_STEP][PASSED] - navigateToUrl("http://rack113.cs.drexel.edu/admin"): Navigate to 'http://rack113.cs.drexel.edu/admin' successfully

2019-04-27 21:11:39 - [MESSAGE][PASSED] - Navigate to 'http://rack113.cs.drexel.edu/admin' successfully

2019-04-27 21:11:39 - [TEST_STEP][PASSED] - waitForPageLoad(5): Wait for page load successfully

2019-04-27 21:11:39 - [MESSAGE][PASSED] - Wait for page load successfully

2019-04-27 21:11:39 - [TEST_STEP][PASSED] - delay(3): Delayed 3 second(s)

2019-04-27 21:11:42 - [MESSAGE][PASSED] - Delayed 3 second(s)

2019-04-27 21:11:42 - [TEST_STEP][PASSED] - click(findTestObject("Admin Username Field")): Object: 'Object Repository/Admin Username Field' is clicked on

2019-04-27 21:11:42 - [MESSAGE][PASSED] - Object: 'Object Repository/Admin Username Field' is clicked on

2019-04-27 21:11:42 - [TEST_STEP][PASSED] - delay(1): Delayed 1 second(s)

2019-04-27 21:11:43 - [MESSAGE][PASSED] - Delayed 1 second(s)

2019-04-27 21:11:43 - [TEST_STEP][PASSED] - setText(findTestObject("Admin Username Field"), "icommonsadmin"): Text 'icommonsadmin' is set on object 'Object Repository/Admin Username Field'

2019-04-27 21:11:43 - [MESSAGE][PASSED] - Text 'icommonsadmin' is set on object 'Object Repository/Admin Username Field'

2019-04-27 21:11:43 - [TEST_STEP][PASSED] - delay(1): Delayed 1 second(s)

2019-04-27 21:11:44 - [MESSAGE][PASSED] - Delayed 1 second(s)

2019-04-27 21:11:44 - [TEST_STEP][PASSED] - click(findTestObject("Admin Password Field")): Object: 'Object Repository/Admin Password Field' is clicked on

2019-04-27 21:11:44 - [MESSAGE][PASSED] - Object: 'Object Repository/Admin Password Field' is clicked on

2019-04-27 21:11:44 - [TEST_STEP][PASSED] - delay(1): Delayed 1 second(s)

2019-04-27 21:11:45 - [MESSAGE][PASSED] - Delayed 1 second(s)

2019-04-27 21:11:45 - [TEST_STEP][PASSED] - setText(findTestObject("Admin Password Field"), "AB4IF325!"): Text 'AB4IF325!' is set on object 'Object Repository/Admin Password Field'

2019-04-27 21:11:45 - [MESSAGE][PASSED] - Text 'AB4IF325!' is set on object 'Object Repository/Admin Password Field'

2019-04-27 21:11:45 - [TEST_STEP][PASSED] - delay(0): Delayed 0 second(s)

2019-04-27 21:11:45 - [MESSAGE][PASSED] - Delayed 0 second(s)

2019-04-27 21:11:45 - [TEST_STEP][PASSED] - click(findTestObject("Admin Sign In Button")): Object: 'Object Repository/Admin Sign In Button' is clicked on

2019-04-27 21:11:46 - [MESSAGE][PASSED] - Object: 'Object Repository/Admin Sign In Button' is clicked on

2019-04-27 21:11:46 - [TEST_STEP][PASSED] - waitForPageLoad(5): Wait for page load successfully

2019-04-27 21:11:46 - [MESSAGE][PASSED] - Wait for page load successfully

2019-04-27 21:11:46 - [TEST_STEP][PASSED] - delay(2): Delayed 2 second(s)

2019-04-27 21:11:48 - [MESSAGE][PASSED] - Delayed 2 second(s)

2019-04-27 21:11:48 - [TEST_STEP][PASSED] - scrollToElement(findTestObject("View Tickets Link"), 1): Scroll to object 'Object Repository/View Tickets Link' successfully

2019-04-27 21:11:48 - [MESSAGE][PASSED] - Scroll to object 'Object Repository/View Tickets Link' successfully

2019-04-27 21:11:48 - [TEST_STEP][PASSED] - delay(1): Delayed 1 second(s)

2019-04-27 21:11:49 - [MESSAGE][PASSED] - Delayed 1 second(s)

2019-04-27 21:11:49 - [TEST_STEP][PASSED] - click(findTestObject("View Tickets Link")): Object: 'Object Repository/View Tickets Link' is clicked on

2019-04-27 21:11:50 - [MESSAGE][PASSED] - Object: 'Object Repository/View Tickets Link' is clicked on

2019-04-27 21:11:50 - [TEST_STEP][PASSED] - waitForPageLoad(5): Wait for page load successfully

2019-04-27 21:11:50 - [MESSAGE][PASSED] - Wait for page load successfully

2019-04-27 21:11:50 - [TEST_STEP][PASSED] - delay(4): Delayed 4 second(s)

2019-04-27 21:11:54 - [MESSAGE][PASSED] - Delayed 4 second(s)]]></system-out>
         <system-err><![CDATA[]]></system-err>
      </testcase>
      <system-out><![CDATA[2019-04-27 21:11:30 - [TEST_SUITE][PASSED] - Client Side Test Cases 1-9: Test Cases/iCommons Site/Submit Tickets View]]></system-out>
      <system-err><![CDATA[]]></system-err>
   </testsuite>
</testsuites>
