<?xml version="1.0" encoding="UTF-8"?>
<testsuites name="Client Side Test Cases 1-9" time="32" tests="5" failures="0" errors="0">
   <testsuite name="Client Side Test Cases 1-9" tests="5" failures="0" errors="0" time="32" timestamp="2019-04-26 18:31:09" hostname="Joseph - Joseph-PC" id="Test Suites/Client Side Test Cases 1-9">
      <properties>
         <property name="deviceName" value=""/>
         <property name="devicePlatform" value=""/>
         <property name="logFolder" value="C:\\Users\\Joseph\\git\\iCommons\\Reports\\Client Side Test Cases 1-9\\20190426_183108"/>
         <property name="logFiles" value="C:\\Users\\Joseph\\git\\iCommons\\Reports\\Client Side Test Cases 1-9\\20190426_183108\\execution0.log"/>
         <property name="attachments" value=""/>
         <property name="hostName" value="Joseph - Joseph-PC"/>
         <property name="os" value="Windows 7 64bit"/>
         <property name="katalonVersion" value="6.1.2.2"/>
         <property name="browser" value="Chrome 73.0.3683.103"/>
         <property name="hostAddress" value="192.168.1.65"/>
         <property name="sessionId" value="be5b3318111ce44a77b4b65f701f6b38"/>
         <property name="seleniumVersion" value="3.7.1"/>
         <property name="proxyInformation" value="ProxyInformation{proxyOption=NO_PROXY, proxyServerType=HTTP, password=, proxyServerAddress=, proxyServerPort=0}"/>
         <property name="platform" value="Windows 7"/>
      </properties>
      <testcase name="Test Cases/Load Homepage" classname="Test Cases/Load Homepage" status="PASSED">
         <system-out><![CDATA[2019-04-26 18:31:10 - [TEST_CASE][PASSED] - Test Cases/Load Homepage: Test Cases/Load Homepage

2019-04-26 18:31:10 - [TEST_STEP][PASSED] - openBrowser("http://rack113.cs.drexel.edu/"): Browser is opened with url: 'http://rack113.cs.drexel.edu/'

2019-04-26 18:31:10 - [MESSAGE][INFO] - Starting 'Chrome' driver

2019-04-26 18:31:10 - [MESSAGE][INFO] - Action delay is set to 0 seconds

2019-04-26 18:31:14 - [MESSAGE][PASSED] - Browser is opened with url: 'http://rack113.cs.drexel.edu/'

2019-04-26 18:31:14 - [TEST_STEP][PASSED] - waitForPageLoad(6): Wait for page load successfully

2019-04-26 18:31:14 - [MESSAGE][PASSED] - Wait for page load successfully

2019-04-26 18:31:14 - [TEST_STEP][PASSED] - delay(2): Delayed 2 second(s)

2019-04-26 18:31:16 - [MESSAGE][PASSED] - Delayed 2 second(s)]]></system-out>
         <system-err><![CDATA[]]></system-err>
      </testcase>
      <testcase name="Test Cases/CCI Logo Redirect" classname="Test Cases/CCI Logo Redirect" status="PASSED">
         <system-out><![CDATA[2019-04-26 18:31:16 - [TEST_CASE][PASSED] - Test Cases/CCI Logo Redirect: Test Cases/CCI Logo Redirect

2019-04-26 18:31:16 - [TEST_STEP][PASSED] - click(findTestObject("CCI Logo")): Object: 'Object Repository/CCI Logo' is clicked on

2019-04-26 18:31:17 - [MESSAGE][PASSED] - Object: 'Object Repository/CCI Logo' is clicked on

2019-04-26 18:31:17 - [TEST_STEP][PASSED] - waitForPageLoad(30): Wait for page load successfully

2019-04-26 18:31:17 - [MESSAGE][PASSED] - Wait for page load successfully

2019-04-26 18:31:17 - [TEST_STEP][PASSED] - delay(3): Delayed 3 second(s)

2019-04-26 18:31:20 - [MESSAGE][PASSED] - Delayed 3 second(s)

2019-04-26 18:31:20 - [TEST_STEP][PASSED] - back(): Navigate back successfully

2019-04-26 18:31:22 - [MESSAGE][PASSED] - Navigate back successfully

2019-04-26 18:31:22 - [TEST_STEP][PASSED] - waitForPageLoad(5): Wait for page load successfully

2019-04-26 18:31:22 - [MESSAGE][PASSED] - Wait for page load successfully]]></system-out>
         <system-err><![CDATA[]]></system-err>
      </testcase>
      <testcase name="Test Cases/Reserve Room Link" classname="Test Cases/Reserve Room Link" status="PASSED">
         <system-out><![CDATA[2019-04-26 18:31:22 - [TEST_CASE][PASSED] - Test Cases/Reserve Room Link: Test Cases/Reserve Room Link

2019-04-26 18:31:22 - [TEST_STEP][PASSED] - click(findTestObject("Resource Reservation option")): Object: 'Object Repository/Resource Reservation option' is clicked on

2019-04-26 18:31:22 - [MESSAGE][PASSED] - Object: 'Object Repository/Resource Reservation option' is clicked on

2019-04-26 18:31:22 - [TEST_STEP][PASSED] - delay(1): Delayed 1 second(s)

2019-04-26 18:31:23 - [MESSAGE][PASSED] - Delayed 1 second(s)

2019-04-26 18:31:23 - [TEST_STEP][PASSED] - click(findTestObject("Room Reservation link")): Object: 'Object Repository/Room Reservation link' is clicked on

2019-04-26 18:31:24 - [MESSAGE][PASSED] - Object: 'Object Repository/Room Reservation link' is clicked on

2019-04-26 18:31:24 - [TEST_STEP][PASSED] - delay(5): Delayed 5 second(s)

2019-04-26 18:31:29 - [MESSAGE][PASSED] - Delayed 5 second(s)

2019-04-26 18:31:29 - [TEST_STEP][PASSED] - waitForAlert(4): No alert found after 4 second(s).

2019-04-26 18:31:33 - [MESSAGE][WARNING] - No alert found after 4 second(s).]]></system-out>
         <system-err><![CDATA[]]></system-err>
      </testcase>
      <testcase name="Test Cases/Reserve Equipment Link" classname="Test Cases/Reserve Equipment Link" status="PASSED">
         <system-out><![CDATA[2019-04-26 18:31:33 - [TEST_CASE][PASSED] - Test Cases/Reserve Equipment Link: Test Cases/Reserve Equipment Link

2019-04-26 18:31:33 - [TEST_STEP][PASSED] - click(findTestObject("Resource Reservation option")): Object: 'Object Repository/Resource Reservation option' is clicked on

2019-04-26 18:31:33 - [MESSAGE][PASSED] - Object: 'Object Repository/Resource Reservation option' is clicked on

2019-04-26 18:31:33 - [TEST_STEP][PASSED] - delay(1): Delayed 1 second(s)

2019-04-26 18:31:34 - [MESSAGE][PASSED] - Delayed 1 second(s)

2019-04-26 18:31:34 - [TEST_STEP][PASSED] - click(findTestObject("Equipment Reservation link")): Object: 'Object Repository/Equipment Reservation link' is clicked on

2019-04-26 18:31:35 - [MESSAGE][PASSED] - Object: 'Object Repository/Equipment Reservation link' is clicked on

2019-04-26 18:31:35 - [TEST_STEP][PASSED] - waitForPageLoad(5): Wait for page load successfully

2019-04-26 18:31:35 - [MESSAGE][PASSED] - Wait for page load successfully

2019-04-26 18:31:35 - [TEST_STEP][PASSED] - delay(3): Delayed 3 second(s)

2019-04-26 18:31:38 - [MESSAGE][PASSED] - Delayed 3 second(s)]]></system-out>
         <system-err><![CDATA[]]></system-err>
      </testcase>
      <testcase name="Test Cases/Home Link Redirect" classname="Test Cases/Home Link Redirect" status="PASSED">
         <system-out><![CDATA[2019-04-26 18:31:38 - [TEST_CASE][PASSED] - Test Cases/Home Link Redirect: Test Cases/Home Link Redirect

2019-04-26 18:31:38 - [TEST_STEP][PASSED] - click(findTestObject("Home link")): Object: 'Object Repository/Home link' is clicked on

2019-04-26 18:31:39 - [MESSAGE][PASSED] - Object: 'Object Repository/Home link' is clicked on

2019-04-26 18:31:39 - [TEST_STEP][PASSED] - waitForPageLoad(6): Wait for page load successfully

2019-04-26 18:31:39 - [MESSAGE][PASSED] - Wait for page load successfully

2019-04-26 18:31:39 - [TEST_STEP][PASSED] - delay(2): Delayed 2 second(s)

2019-04-26 18:31:41 - [MESSAGE][PASSED] - Delayed 2 second(s)]]></system-out>
         <system-err><![CDATA[]]></system-err>
      </testcase>
      <system-out><![CDATA[2019-04-26 18:31:09 - [TEST_SUITE][PASSED] - Client Side Test Cases 1-9: Test Cases/Home Link Redirect]]></system-out>
      <system-err><![CDATA[]]></system-err>
   </testsuite>
</testsuites>
