<?xml version="1.0" encoding="UTF-8"?>
<testsuites name="Client Side Test Cases 1-9" time="9" tests="1" failures="0" errors="0">
   <testsuite name="Client Side Test Cases 1-9" tests="1" failures="0" errors="0" time="9" timestamp="2019-04-26 14:53:51" hostname="Joseph - Joseph-PC" id="Test Suites/Client Side Test Cases 1-9">
      <properties>
         <property name="deviceName" value=""/>
         <property name="devicePlatform" value=""/>
         <property name="logFolder" value="C:\\Users\\Joseph\\git\\iCommons\\Reports\\Client Side Test Cases 1-9\\20190426_145349"/>
         <property name="logFiles" value="C:\\Users\\Joseph\\git\\iCommons\\Reports\\Client Side Test Cases 1-9\\20190426_145349\\execution0.log"/>
         <property name="attachments" value=""/>
         <property name="hostName" value="Joseph - Joseph-PC"/>
         <property name="os" value="Windows 7 64bit"/>
         <property name="katalonVersion" value="6.1.2.2"/>
         <property name="browser" value="Chrome 73.0.3683.103"/>
         <property name="hostAddress" value="192.168.1.65"/>
         <property name="sessionId" value="f3e106d5130e16d8f37d1f2874859b45"/>
         <property name="seleniumVersion" value="3.7.1"/>
         <property name="proxyInformation" value="ProxyInformation{proxyOption=NO_PROXY, proxyServerType=HTTP, password=, proxyServerAddress=, proxyServerPort=0}"/>
         <property name="platform" value="Windows 7"/>
      </properties>
      <testcase name="Test Cases/Load Homepage" classname="Test Cases/Load Homepage" status="PASSED">
         <system-out><![CDATA[2019-04-26 14:53:52 - [TEST_CASE][PASSED] - Test Cases/Load Homepage: Test Cases/Load Homepage

2019-04-26 14:53:52 - [TEST_STEP][PASSED] - openBrowser("http://rack113.cs.drexel.edu/"): Browser is opened with url: 'http://rack113.cs.drexel.edu/'

2019-04-26 14:53:52 - [MESSAGE][INFO] - Starting 'Chrome' driver

2019-04-26 14:53:52 - [MESSAGE][INFO] - Action delay is set to 0 seconds

2019-04-26 14:54:00 - [MESSAGE][PASSED] - Browser is opened with url: 'http://rack113.cs.drexel.edu/']]></system-out>
         <system-err><![CDATA[]]></system-err>
      </testcase>
      <system-out><![CDATA[2019-04-26 14:53:51 - [TEST_SUITE][PASSED] - Client Side Test Cases 1-9: Test Cases/Load Homepage]]></system-out>
      <system-err><![CDATA[]]></system-err>
   </testsuite>
</testsuites>
